<?xml version="1.0" encoding="UTF-8"?>
<!-- Generated by org.testng.reporters.JUnitReportReporter -->
<testsuite skipped="0" hostname="FSSCHND13937" name="mBankingTestPages.HomePageTest" tests="2" failures="0" timestamp="13 Mar 2018 14:13:19 GMT" time="16.048" errors="0">
  <testcase name="custName" time="9.365" classname="mBankingTestPages.HomePageTest"/>
  <testcase name="checkHelp" time="6.683" classname="mBankingTestPages.HomePageTest"/>
</testsuite> <!-- mBankingTestPages.HomePageTest -->
