<?xml version="1.0" encoding="UTF-8"?>
<!-- Generated by org.testng.reporters.JUnitReportReporter -->
<testsuite skipped="2" hostname="DESKTOP-2749E4C" name="mBankingTestPages.HomePageTest" tests="2" failures="0" timestamp="2022-04-30T10:56:15 IST" time="0.000" errors="0">
  <testcase name="custName" time="0.000" classname="mBankingTestPages.HomePageTest">
    <skipped/>
  </testcase> <!-- custName -->
  <system-out/>
  <testcase name="checkHelp" time="0.000" classname="mBankingTestPages.HomePageTest">
    <skipped/>
  </testcase> <!-- checkHelp -->
  <system-out/>
</testsuite> <!-- mBankingTestPages.HomePageTest -->
