<?xml version="1.0" encoding="UTF-8"?>
<!-- Generated by org.testng.reporters.JUnitReportReporter -->
<testsuite skipped="0" hostname="brantansp" name="mBankingTestPages.LoginPageTest" tests="1" failures="0" timestamp="31 Jan 2018 18:07:47 GMT" time="7.428" errors="0">
  <testcase name="firstTest" time="7.428" classname="mBankingTestPages.LoginPageTest"/>
</testsuite> <!-- mBankingTestPages.LoginPageTest -->
