<?xml version="1.0" encoding="UTF-8"?>
<!-- Generated by org.testng.reporters.JUnitReportReporter -->
<testsuite skipped="0" hostname="DESKTOP-2749E4C" name="mBankingTestPages.LoginPageTest" tests="1" failures="0" timestamp="2022-04-30T19:26:04 IST" time="11.203" errors="0">
  <testcase name="appLogin" time="11.203" classname="mBankingTestPages.LoginPageTest"/>
  <system-out/>
</testsuite> <!-- mBankingTestPages.LoginPageTest -->
