<?xml version="1.0" encoding="UTF-8"?>
<!-- Generated by org.testng.reporters.JUnitReportReporter -->
<testsuite skipped="2" hostname="FSSCHND13937" name="mBankingTestPages.HomePageTest" tests="2" failures="0" timestamp="16 Mar 2018 04:13:49 GMT" time="0.000" errors="0">
  <testcase name="custName" time="0.000" classname="mBankingTestPages.HomePageTest">
    <skipped/>
  </testcase> <!-- custName -->
  <testcase name="checkHelp" time="0.000" classname="mBankingTestPages.HomePageTest">
    <skipped/>
  </testcase> <!-- checkHelp -->
</testsuite> <!-- mBankingTestPages.HomePageTest -->
