<?xml version="1.0" encoding="UTF-8"?>
<!-- Generated by org.testng.reporters.JUnitReportReporter -->
<testsuite skipped="0" hostname="brantansp-PC" name="mBankingTestPages.LoginPageTest" tests="3" failures="0" timestamp="26 Jan 2018 18:23:10 GMT" time="0.018" errors="0">
  <testcase name="firstTest" time="0.008" classname="mBankingTestPages.LoginPageTest"/>
  <testcase name="secondTest" time="0.003" classname="mBankingTestPages.LoginPageTest"/>
  <testcase name="tdxg" time="0.007" classname="mBankingTestPages.LoginPageTest"/>
</testsuite> <!-- mBankingTestPages.LoginPageTest -->
