<?xml version="1.0" encoding="UTF-8"?>
<!-- Generated by org.testng.reporters.JUnitReportReporter -->
<testsuite skipped="0" hostname="brantansp-PC" name="mBankingTestPages.LoginPageTest" tests="1" failures="0" timestamp="28 Jan 2018 10:30:51 GMT" time="19.303" errors="0">
  <testcase name="firstTest" time="19.303" classname="mBankingTestPages.LoginPageTest"/>
</testsuite> <!-- mBankingTestPages.LoginPageTest -->
