<?xml version="1.0" encoding="UTF-8"?>
<!-- Generated by org.testng.reporters.JUnitReportReporter -->
<testsuite skipped="0" hostname="brantansp" name="mBankingTestPages.LoginPageTest" tests="1" failures="0" timestamp="03 Feb 2018 06:24:27 GMT" time="14.274" errors="0">
  <testcase name="firstTest" time="14.274" classname="mBankingTestPages.LoginPageTest"/>
</testsuite> <!-- mBankingTestPages.LoginPageTest -->
