<?xml version="1.0" encoding="UTF-8"?>
<!-- Generated by org.testng.reporters.JUnitReportReporter -->
<testsuite skipped="0" hostname="brantansp-PC" name="mBankingPageObjectFactory.LoginPage" tests="1" failures="0" timestamp="26 Jan 2018 18:05:50 GMT" time="0.013" errors="0">
  <testcase name="tdxg" time="0.013" classname="mBankingPageObjectFactory.LoginPage"/>
</testsuite> <!-- mBankingPageObjectFactory.LoginPage -->
