<?xml version="1.0" encoding="UTF-8"?>
<!-- Generated by org.testng.reporters.JUnitReportReporter -->
<testsuite skipped="0" hostname="brantansp" name="mBankingTestPages.LoginPageTest" tests="4" failures="0" timestamp="11 Mar 2018 14:04:28 GMT" time="79.480" errors="0">
  <testcase name="appLogin" time="12.919" classname="mBankingTestPages.LoginPageTest"/>
  <testcase name="appExit" time="5.393" classname="mBankingTestPages.LoginPageTest"/>
  <testcase name="referFriendValid" time="27.792" classname="mBankingTestPages.LoginPageTest"/>
  <testcase name="feedback" time="33.376" classname="mBankingTestPages.LoginPageTest"/>
</testsuite> <!-- mBankingTestPages.LoginPageTest -->
