<?xml version="1.0" encoding="UTF-8"?>
<!-- Generated by org.testng.reporters.JUnitReportReporter -->
<testsuite skipped="0" hostname="brantansp" name="mBankingTestPages.HomePageTest" tests="2" failures="0" timestamp="12 Mar 2018 16:59:48 GMT" time="11.559" errors="0">
  <testcase name="custName" time="10.101" classname="mBankingTestPages.HomePageTest"/>
  <testcase name="checkHelp" time="1.458" classname="mBankingTestPages.HomePageTest"/>
</testsuite> <!-- mBankingTestPages.HomePageTest -->
