<?xml version="1.0" encoding="UTF-8"?>
<!-- Generated by org.testng.reporters.JUnitReportReporter -->
<testsuite skipped="0" hostname="DESKTOP-2749E4C" name="mBankingTestPages.LoginPageTest" tests="2" failures="0" timestamp="2022-04-30T11:47:40 IST" time="11.212" errors="2">
  <testcase name="appLogin" time="11.209" classname="mBankingTestPages.LoginPageTest">
    <error type="org.openqa.selenium.NoSuchElementException" message="Can&#039;t locate an element by this strategy: Locator map: 
- native content: &quot;By.xpath: //*[@class=&#039;android.widget.EditText&#039;]&quot; 
- html content: &quot;by id or name &quot;loginBox&quot;&quot;
For documentation on this error, please visit: http://seleniumhq.org/exceptions/no_such_element.html
Build info: version: &#039;2.53.1&#039;, revision: &#039;a36b8b1cd5757287168e54b817830adce9b0158d&#039;, time: &#039;2016-06-30 19:26:09&#039;
System info: host: &#039;DESKTOP-2749E4C&#039;, ip: &#039;192.168.137.1&#039;, os.name: &#039;Windows 10&#039;, os.arch: &#039;amd64&#039;, os.version: &#039;10.0&#039;, java.version: &#039;1.8.0_221&#039;
Driver info: driver.version: unknown">
      <![CDATA[org.openqa.selenium.NoSuchElementException: Can't locate an element by this strategy: Locator map: 
- native content: "By.xpath: //*[@class='android.widget.EditText']" 
- html content: "by id or name "loginBox""
For documentation on this error, please visit: http://seleniumhq.org/exceptions/no_such_element.html
Build info: version: '2.53.1', revision: 'a36b8b1cd5757287168e54b817830adce9b0158d', time: '2016-06-30 19:26:09'
System info: host: 'DESKTOP-2749E4C', ip: '192.168.137.1', os.name: 'Windows 10', os.arch: 'amd64', os.version: '10.0', java.version: '1.8.0_221'
Driver info: driver.version: unknown
at io.appium.java_client.pagefactory.AppiumElementLocator.findElement(AppiumElementLocator.java:110)
at io.appium.java_client.pagefactory.interceptors.InterceptorOfASingleElement.intercept(InterceptorOfASingleElement.java:57)
at io.appium.java_client.android.AndroidElement$$EnhancerByCGLIB$$c0b591f0.click(<generated>)
at mBankingBaseFactory.BasePage.click(BasePage.java:447)
at mBankingPageObjectFactory.LoginPage.loginApp(LoginPage.java:34)
at mBankingTestPages.LoginPageTest.appLogin(LoginPageTest.java:30)
at sun.reflect.NativeMethodAccessorImpl.invoke0(Native Method)
at sun.reflect.NativeMethodAccessorImpl.invoke(NativeMethodAccessorImpl.java:62)
at sun.reflect.DelegatingMethodAccessorImpl.invoke(DelegatingMethodAccessorImpl.java:43)
at java.lang.reflect.Method.invoke(Method.java:498)
at org.testng.internal.MethodInvocationHelper.invokeMethod(MethodInvocationHelper.java:133)
at org.testng.internal.TestInvoker.invokeMethod(TestInvoker.java:598)
at org.testng.internal.TestInvoker.invokeTestMethod(TestInvoker.java:173)
at org.testng.internal.MethodRunner.runInSequence(MethodRunner.java:46)
at org.testng.internal.TestInvoker$MethodInvocationAgent.invoke(TestInvoker.java:824)
at org.testng.internal.TestInvoker.invokeTestMethods(TestInvoker.java:146)
at org.testng.internal.TestMethodWorker.invokeTestMethods(TestMethodWorker.java:146)
at org.testng.internal.TestMethodWorker.run(TestMethodWorker.java:128)
at java.util.ArrayList.forEach(ArrayList.java:1257)
at org.testng.TestRunner.privateRun(TestRunner.java:794)
at org.testng.TestRunner.run(TestRunner.java:596)
at org.testng.SuiteRunner.runTest(SuiteRunner.java:377)
at org.testng.SuiteRunner.runSequentially(SuiteRunner.java:371)
at org.testng.SuiteRunner.privateRun(SuiteRunner.java:332)
at org.testng.SuiteRunner.run(SuiteRunner.java:276)
at org.testng.SuiteRunnerWorker.runSuite(SuiteRunnerWorker.java:53)
at org.testng.SuiteRunnerWorker.run(SuiteRunnerWorker.java:96)
at org.testng.TestNG.runSuitesSequentially(TestNG.java:1212)
at org.testng.TestNG.runSuitesLocally(TestNG.java:1134)
at org.testng.TestNG.runSuites(TestNG.java:1063)
at org.testng.TestNG.run(TestNG.java:1031)
at org.testng.remote.AbstractRemoteTestNG.run(AbstractRemoteTestNG.java:115)
at org.testng.remote.RemoteTestNG.initAndRun(RemoteTestNG.java:251)
at org.testng.remote.RemoteTestNG.main(RemoteTestNG.java:77)
]]>
    </error>
  </testcase> <!-- appLogin -->
  <system-out/>
  <testcase name="appExit" time="0.003" classname="mBankingTestPages.LoginPageTest">
    <error type="java.lang.NullPointerException">
      <![CDATA[java.lang.NullPointerException
at io.appium.java_client.pagefactory.AppiumFieldDecorator.getTypeForProxy(AppiumFieldDecorator.java:233)
at io.appium.java_client.pagefactory.AppiumFieldDecorator.proxyForAnElement(AppiumFieldDecorator.java:248)
at io.appium.java_client.pagefactory.AppiumFieldDecorator.access$0(AppiumFieldDecorator.java:246)
at io.appium.java_client.pagefactory.AppiumFieldDecorator$3.proxyForLocator(AppiumFieldDecorator.java:121)
at org.openqa.selenium.support.pagefactory.DefaultFieldDecorator.decorate(DefaultFieldDecorator.java:62)
at io.appium.java_client.pagefactory.AppiumFieldDecorator.decorate(AppiumFieldDecorator.java:172)
at org.openqa.selenium.support.PageFactory.proxyFields(PageFactory.java:113)
at org.openqa.selenium.support.PageFactory.initElements(PageFactory.java:105)
at mBankingPageObjectFactory.HomePage.<init>(HomePage.java:24)
at mBankingTestPages.LoginPageTest.appExit(LoginPageTest.java:37)
at sun.reflect.NativeMethodAccessorImpl.invoke0(Native Method)
at sun.reflect.NativeMethodAccessorImpl.invoke(NativeMethodAccessorImpl.java:62)
at sun.reflect.DelegatingMethodAccessorImpl.invoke(DelegatingMethodAccessorImpl.java:43)
at java.lang.reflect.Method.invoke(Method.java:498)
at org.testng.internal.MethodInvocationHelper.invokeMethod(MethodInvocationHelper.java:133)
at org.testng.internal.TestInvoker.invokeMethod(TestInvoker.java:598)
at org.testng.internal.TestInvoker.invokeTestMethod(TestInvoker.java:173)
at org.testng.internal.MethodRunner.runInSequence(MethodRunner.java:46)
at org.testng.internal.TestInvoker$MethodInvocationAgent.invoke(TestInvoker.java:824)
at org.testng.internal.TestInvoker.invokeTestMethods(TestInvoker.java:146)
at org.testng.internal.TestMethodWorker.invokeTestMethods(TestMethodWorker.java:146)
at org.testng.internal.TestMethodWorker.run(TestMethodWorker.java:128)
at java.util.ArrayList.forEach(ArrayList.java:1257)
at org.testng.TestRunner.privateRun(TestRunner.java:794)
at org.testng.TestRunner.run(TestRunner.java:596)
at org.testng.SuiteRunner.runTest(SuiteRunner.java:377)
at org.testng.SuiteRunner.runSequentially(SuiteRunner.java:371)
at org.testng.SuiteRunner.privateRun(SuiteRunner.java:332)
at org.testng.SuiteRunner.run(SuiteRunner.java:276)
at org.testng.SuiteRunnerWorker.runSuite(SuiteRunnerWorker.java:53)
at org.testng.SuiteRunnerWorker.run(SuiteRunnerWorker.java:96)
at org.testng.TestNG.runSuitesSequentially(TestNG.java:1212)
at org.testng.TestNG.runSuitesLocally(TestNG.java:1134)
at org.testng.TestNG.runSuites(TestNG.java:1063)
at org.testng.TestNG.run(TestNG.java:1031)
at org.testng.remote.AbstractRemoteTestNG.run(AbstractRemoteTestNG.java:115)
at org.testng.remote.RemoteTestNG.initAndRun(RemoteTestNG.java:251)
at org.testng.remote.RemoteTestNG.main(RemoteTestNG.java:77)
]]>
    </error>
  </testcase> <!-- appExit -->
  <system-out/>
</testsuite> <!-- mBankingTestPages.LoginPageTest -->
