<?xml version="1.0" encoding="UTF-8"?>
<!-- Generated by org.testng.reporters.JUnitReportReporter -->
<testsuite skipped="0" hostname="brantansp-PC" name="mBankingTestPages.LoginPageTest" tests="1" failures="0" timestamp="26 Jan 2018 10:54:21 GMT" time="0.060" errors="0">
  <testcase name="firstTest" time="0.060" classname="mBankingTestPages.LoginPageTest"/>
</testsuite> <!-- mBankingTestPages.LoginPageTest -->
