<?xml version="1.0" encoding="UTF-8"?>
<!-- Generated by org.testng.reporters.JUnitReportReporter -->
<testsuite skipped="0" hostname="brantansp-PC" name="mBankingBaseFactory.AppiumController" tests="1" failures="0" timestamp="26 Jan 2018 17:53:23 GMT" time="0.016" errors="0">
  <testcase name="test" time="0.016" classname="mBankingBaseFactory.AppiumController"/>
</testsuite> <!-- mBankingBaseFactory.AppiumController -->
