<?xml version="1.0" encoding="UTF-8"?>
<!-- Generated by org.testng.reporters.JUnitReportReporter -->
<testsuite skipped="0" hostname="brantansp" name="mBankingTestPages.LoginPageTest" tests="4" failures="0" timestamp="15 Mar 2018 19:24:21 GMT" time="75.309" errors="0">
  <testcase name="referFriendValid" time="32.711" classname="mBankingTestPages.LoginPageTest"/>
  <testcase name="feedback" time="30.728" classname="mBankingTestPages.LoginPageTest"/>
  <testcase name="appLogin" time="8.970" classname="mBankingTestPages.LoginPageTest"/>
  <testcase name="appExit" time="2.900" classname="mBankingTestPages.LoginPageTest"/>
</testsuite> <!-- mBankingTestPages.LoginPageTest -->
