<?xml version="1.0" encoding="UTF-8"?>
<!-- Generated by org.testng.reporters.JUnitReportReporter -->
<testsuite skipped="0" hostname="FSSCHND13937" name="mBankingTestPages.LoginPageTest" tests="3" failures="0" timestamp="16 Mar 2018 08:46:25 GMT" time="117.424" errors="0">
  <testcase name="referFriendValid" time="56.530" classname="mBankingTestPages.LoginPageTest"/>
  <testcase name="feedback" time="42.537" classname="mBankingTestPages.LoginPageTest"/>
  <testcase name="appLogin" time="18.357" classname="mBankingTestPages.LoginPageTest"/>
</testsuite> <!-- mBankingTestPages.LoginPageTest -->
