<?xml version="1.0" encoding="UTF-8"?>
<!-- Generated by org.testng.reporters.JUnitReportReporter -->
<testsuite skipped="0" hostname="FSSCHND13937" name="mBankingTestPages.LoginPageTest" tests="4" failures="0" timestamp="13 Mar 2018 14:13:19 GMT" time="77.572" errors="0">
  <testcase name="appLogin" time="12.016" classname="mBankingTestPages.LoginPageTest"/>
  <testcase name="appExit" time="5.292" classname="mBankingTestPages.LoginPageTest"/>
  <testcase name="feedback" time="33.591" classname="mBankingTestPages.LoginPageTest"/>
  <testcase name="referFriendValid" time="26.673" classname="mBankingTestPages.LoginPageTest"/>
</testsuite> <!-- mBankingTestPages.LoginPageTest -->
