<?xml version="1.0" encoding="UTF-8"?>
<!-- Generated by org.testng.reporters.JUnitReportReporter -->
<testsuite skipped="0" hostname="FSSCHND13937" name="mBankingTestPages.LoginPageTest" tests="1" failures="0" timestamp="15 Mar 2018 14:23:13 GMT" time="12.409" errors="0">
  <testcase name="appLogin" time="12.409" classname="mBankingTestPages.LoginPageTest"/>
</testsuite> <!-- mBankingTestPages.LoginPageTest -->
