<?xml version="1.0" encoding="UTF-8"?>
<!-- Generated by org.testng.reporters.JUnitReportReporter -->
<testsuite skipped="0" hostname="brantansp-PC" name="mBankingTestPages.LoginPageTest" tests="3" failures="0" timestamp="07 Mar 2018 13:30:13 GMT" time="49.654" errors="0">
  <testcase name="appLogin" time="12.138" classname="mBankingTestPages.LoginPageTest"/>
  <testcase name="appExit" time="5.740" classname="mBankingTestPages.LoginPageTest"/>
  <testcase name="referFriendValid" time="31.776" classname="mBankingTestPages.LoginPageTest"/>
</testsuite> <!-- mBankingTestPages.LoginPageTest -->
