<?xml version="1.0" encoding="UTF-8"?>
<!-- Generated by org.testng.reporters.JUnitReportReporter -->
<testsuite skipped="0" hostname="brantansp" name="mBankingTestPages.LoginPageTest" tests="4" failures="0" timestamp="12 Mar 2018 16:59:48 GMT" time="83.946" errors="0">
  <testcase name="appLogin" time="12.626" classname="mBankingTestPages.LoginPageTest"/>
  <testcase name="appExit" time="7.344" classname="mBankingTestPages.LoginPageTest"/>
  <testcase name="feedback" time="36.381" classname="mBankingTestPages.LoginPageTest"/>
  <testcase name="referFriendValid" time="27.595" classname="mBankingTestPages.LoginPageTest"/>
</testsuite> <!-- mBankingTestPages.LoginPageTest -->
