<?xml version="1.0" encoding="UTF-8"?>
<!-- Generated by org.testng.reporters.JUnitReportReporter -->
<testsuite skipped="0" hostname="brantansp" name="mBankingTestPages.HomePageTest" tests="2" failures="0" timestamp="10 Mar 2018 17:32:46 GMT" time="14.909" errors="0">
  <testcase name="custName" time="13.270" classname="mBankingTestPages.HomePageTest"/>
  <testcase name="checkHelp" time="1.639" classname="mBankingTestPages.HomePageTest"/>
</testsuite> <!-- mBankingTestPages.HomePageTest -->
