<?xml version="1.0" encoding="UTF-8"?>
<!-- Generated by org.testng.reporters.JUnitReportReporter -->
<testsuite skipped="0" hostname="FSSCHND13937" name="mBankingTestPages.LoginPageTest" tests="3" failures="0" timestamp="16 Mar 2018 10:43:08 GMT" time="166.795" errors="0">
  <testcase name="referFriendValid" time="56.069" classname="mBankingTestPages.LoginPageTest"/>
  <testcase name="feedback" time="44.738" classname="mBankingTestPages.LoginPageTest"/>
  <testcase name="appLogin" time="65.988" classname="mBankingTestPages.LoginPageTest"/>
</testsuite> <!-- mBankingTestPages.LoginPageTest -->
