<?xml version="1.0" encoding="UTF-8"?>
<!-- Generated by org.testng.reporters.JUnitReportReporter -->
<testsuite skipped="0" hostname="brantansp" name="mBankingTestPages.HomePageTest" tests="3" failures="0" timestamp="15 Mar 2018 21:09:59 GMT" time="15.651" errors="0">
  <testcase name="appLogin" time="13.639" classname="mBankingTestPages.HomePageTest"/>
  <testcase name="custName" time="0.495" classname="mBankingTestPages.HomePageTest"/>
  <testcase name="checkHelp" time="1.517" classname="mBankingTestPages.HomePageTest"/>
</testsuite> <!-- mBankingTestPages.HomePageTest -->
