<?xml version="1.0" encoding="UTF-8"?>
<!-- Generated by org.testng.reporters.JUnitReportReporter -->
<testsuite skipped="0" hostname="FSSCHND13937" name="mBankingTestPages.HomePageTest" tests="2" failures="0" timestamp="15 Mar 2018 04:08:34 GMT" time="19.874" errors="0">
  <testcase name="custName" time="13.342" classname="mBankingTestPages.HomePageTest"/>
  <testcase name="checkHelp" time="6.532" classname="mBankingTestPages.HomePageTest"/>
</testsuite> <!-- mBankingTestPages.HomePageTest -->
