<?xml version="1.0" encoding="UTF-8"?>
<!-- Generated by org.testng.reporters.JUnitReportReporter -->
<testsuite skipped="0" hostname="brantansp-PC" name="mBankingTestPages.HomePageTest" tests="1" failures="0" timestamp="26 Jan 2018 17:31:07 GMT" time="0.004" errors="0">
  <testcase name="thirdTest" time="0.004" classname="mBankingTestPages.HomePageTest"/>
</testsuite> <!-- mBankingTestPages.HomePageTest -->
